<?xml version="1.0" encoding="UTF-8"?>
<!-- Generated by org.testng.reporters.JUnitXMLReporter -->
<testsuite hostname="VAIO" ignored="0" name="DisoveryTestcases" tests="3" failures="0" timestamp="17 Jul 2019 03:46:30 GMT" time="225.124" errors="0">
  <testcase name="VerifyAddedFavouriteVideosWithMyFavouriteShows" time="8.369" classname="com.discovery.qa.test.HomePage">
    <skipped/>
  </testcase> <!-- VerifyAddedFavouriteVideosWithMyFavouriteShows -->
  <testcase name="VerifyAddedFavouriteVideosWithMyFavouriteShows" time="109.219" classname="com.discovery.qa.test.HomePage">
    <skipped/>
  </testcase> <!-- VerifyAddedFavouriteVideosWithMyFavouriteShows -->
  <testcase name="VerifyAddedFavouriteVideosWithMyFavouriteShows" time="8.083" classname="com.discovery.qa.test.HomePage"/>
</testsuite> <!-- DisoveryTestcases -->
