<?xml version="1.0" encoding="UTF-8"?>
<testng-results skipped="0" failed="0" ignored="0" total="1" passed="1">
  <reporter-output>
  </reporter-output>
  <suite name="Default suite" duration-ms="50258" started-at="2019-07-17T03:49:59Z" finished-at="2019-07-17T03:50:50Z">
    <groups>
    </groups>
    <test name="Default test" duration-ms="50258" started-at="2019-07-17T03:49:59Z" finished-at="2019-07-17T03:50:50Z">
      <class name="com.discovery.qa.test.HomePage">
        <test-method status="PASS" signature="setup()[pri:0, instance:com.discovery.qa.test.HomePage@56235b8e]" name="setup" is-config="true" duration-ms="35832" started-at="2019-07-17T03:49:59Z" finished-at="2019-07-17T03:50:35Z">
          <reporter-output>
          </reporter-output>
        </test-method> <!-- setup -->
        <test-method status="PASS" signature="VerifyAddedFavouriteVideosWithMyFavouriteShows()[pri:0, instance:com.discovery.qa.test.HomePage@56235b8e]" name="VerifyAddedFavouriteVideosWithMyFavouriteShows" duration-ms="14244" started-at="2019-07-17T03:50:35Z" finished-at="2019-07-17T03:50:50Z">
          <reporter-output>
          </reporter-output>
        </test-method> <!-- VerifyAddedFavouriteVideosWithMyFavouriteShows -->
        <test-method status="PASS" signature="teardown()[pri:0, instance:com.discovery.qa.test.HomePage@56235b8e]" name="teardown" is-config="true" duration-ms="136" started-at="2019-07-17T03:50:50Z" finished-at="2019-07-17T03:50:50Z">
          <reporter-output>
          </reporter-output>
        </test-method> <!-- teardown -->
      </class> <!-- com.discovery.qa.test.HomePage -->
    </test> <!-- Default test -->
  </suite> <!-- Default suite -->
</testng-results>
